{"target": 0.017949167121670134, "params": {"alphaa": 417.022004702574, "alphab": 720.3244934421581}, "datetime": {"datetime": "2021-02-12 16:04:01", "elapsed": 0.0, "delta": 0.0}}
{"target": 0.0002923267707551133, "params": {"alphaa": 0.11437481734488664, "alphab": 302.33257263183975}, "datetime": {"datetime": "2021-02-12 16:04:01", "elapsed": 0.241858, "delta": 0.241858}}
{"target": 0.017012584122881744, "params": {"alphaa": 146.75589081711306, "alphab": 92.3385947687978}, "datetime": {"datetime": "2021-02-12 16:04:01", "elapsed": 0.4867, "delta": 0.244842}}
{"target": 0.017639793746909764, "params": {"alphaa": 186.2602113776709, "alphab": 345.56072704304773}, "datetime": {"datetime": "2021-02-12 16:04:01", "elapsed": 0.72955, "delta": 0.24285}}
{"target": 0.017907538140939278, "params": {"alphaa": 396.76747423066996, "alphab": 538.8167340033569}, "datetime": {"datetime": "2021-02-12 16:04:02", "elapsed": 0.974399, "delta": 0.244849}}
{"target": 0.01790623789231982, "params": {"alphaa": 394.2802147399691, "alphab": 537.9947845316755}, "datetime": {"datetime": "2021-02-12 16:04:02", "elapsed": 1.294201, "delta": 0.319802}}
{"target": 0.017779572069269434, "params": {"alphaa": 356.4769185218672, "alphab": 294.3741113431817}, "datetime": {"datetime": "2021-02-12 16:04:02", "elapsed": 1.627993, "delta": 0.333792}}
{"target": 0.015600748209917348, "params": {"alphaa": 359.4468524114106, "alphab": 26.126467582574755}, "datetime": {"datetime": "2021-02-12 16:04:03", "elapsed": 1.956792, "delta": 0.328799}}
{"target": 0.017767396866611586, "params": {"alphaa": 200.02222764983057, "alphab": 704.018028719077}, "datetime": {"datetime": "2021-02-12 16:04:03", "elapsed": 2.297581, "delta": 0.340789}}
{"target": 0.017892479776132956, "params": {"alphaa": 284.0798034870313, "alphab": 916.7092049352249}, "datetime": {"datetime": "2021-02-12 16:04:03", "elapsed": 2.651419, "delta": 0.353838}}
{"target": 0.018003201971861962, "params": {"alphaa": 512.155759499652, "alphab": 939.5668662845998}, "datetime": {"datetime": "2021-02-12 16:04:04", "elapsed": 2.994208, "delta": 0.342789}}
{"target": 0.01801347583942987, "params": {"alphaa": 650.1414263561419, "alphab": 754.7777644976625}, "datetime": {"datetime": "2021-02-12 16:04:04", "elapsed": 3.376972, "delta": 0.382764}}
{"target": 0.018047628925060056, "params": {"alphaa": 751.1128210589104, "alphab": 953.196515255228}, "datetime": {"datetime": "2021-02-12 16:04:04", "elapsed": 3.721759, "delta": 0.344787}}
{"target": 0.018042990337102917, "params": {"alphaa": 887.8831267042759, "alphab": 761.1008156821879}, "datetime": {"datetime": "2021-02-12 16:04:05", "elapsed": 4.068545, "delta": 0.346786}}
{"target": 0.017994721122003527, "params": {"alphaa": 763.7945858248333, "alphab": 552.1442668476914}, "datetime": {"datetime": "2021-02-12 16:04:05", "elapsed": 4.442315, "delta": 0.37377}}
